<?xml version="1.0" encoding="UTF-8"?>
<!-- Generated by org.testng.reporters.JUnitXMLReporter -->
<testsuite ignored="0" hostname="LAPTOP-456857NL" failures="0" tests="4" name="Default test" time="2.404" errors="0" timestamp="2024-01-29T10:21:32 IST">
  <testcase classname="indeed.testng.indeed.NewTest" name="keyDown" time="1.761"/>
  <testcase classname="indeed.testng.indeed.NewTest" name="keyUp" time="0.121"/>
  <testcase classname="indeed.testng.indeed.NewTest" name="sendKeysToActiveElement" time="0.089"/>
  <testcase classname="indeed.testng.indeed.NewTest" name="sendKeysToDesignatedElement" time="0.346"/>
</testsuite> <!-- Default test -->
